0:0:0:0:0:0:0:1 - - [25/aug./2011:01:08:23 +0200] "GET / HTTP/1.1" 200 4992
0:0:0:0:0:0:0:1 - - [25/aug./2011:01:08:23 +0200] "GET /files/images/AgileRenovationLogo-small.jpg HTTP/1.1" 304 0
0:0:0:0:0:0:0:1 - - [25/aug./2011:01:08:23 +0200] "GET /favicon.ico HTTP/1.1" 404 821
0:0:0:0:0:0:0:1 - - [25/aug./2011:01:08:27 +0200] "GET /.FitNesse.UserGuide HTTP/1.1" 200 19171
0:0:0:0:0:0:0:1 - - [25/aug./2011:01:08:27 +0200] "GET /favicon.ico HTTP/1.1" 404 821
0:0:0:0:0:0:0:1 - - [25/aug./2011:01:08:50 +0200] "GET /.FitNesse.FitNesse HTTP/1.1" 200 4742
0:0:0:0:0:0:0:1 - - [25/aug./2011:01:08:50 +0200] "GET /files/images/collapsableOpen.gif HTTP/1.1" 200 314
0:0:0:0:0:0:0:1 - - [25/aug./2011:01:08:50 +0200] "GET /favicon.ico HTTP/1.1" 404 821
0:0:0:0:0:0:0:1 - - [25/aug./2011:01:08:56 +0200] "GET /FitNesse.UserGuide.FitNesse HTTP/1.1" 200 4004
0:0:0:0:0:0:0:1 - - [25/aug./2011:01:08:56 +0200] "GET /favicon.ico HTTP/1.1" 404 821
0:0:0:0:0:0:0:1 - - [25/aug./2011:01:08:59 +0200] "GET /favicon.ico HTTP/1.1" 404 821
0:0:0:0:0:0:0:1 - - [25/aug./2011:01:09:09 +0200] "null" 408 892
0:0:0:0:0:0:0:1 - - [25/aug./2011:01:09:09 +0200] "null" 408 892
0:0:0:0:0:0:0:1 - - [25/aug./2011:01:09:09 +0200] "null" 408 892
0:0:0:0:0:0:0:1 - - [25/aug./2011:01:09:09 +0200] "null" 408 892
0:0:0:0:0:0:0:1 - - [25/aug./2011:01:09:28 +0200] "GET /.FitNesse.JunkPage HTTP/1.1" 200 4579
0:0:0:0:0:0:0:1 - - [25/aug./2011:01:09:28 +0200] "GET /favicon.ico HTTP/1.1" 404 821
0:0:0:0:0:0:0:1 - - [25/aug./2011:01:09:31 +0200] "GET /favicon.ico HTTP/1.1" 404 821
0:0:0:0:0:0:0:1 - - [25/aug./2011:01:09:38 +0200] "null" 408 892
0:0:0:0:0:0:0:1 - - [25/aug./2011:01:09:41 +0200] "null" 408 892
0:0:0:0:0:0:0:1 - - [25/aug./2011:01:09:43 +0200] "GET /.FitNesse.ReadProtectedPage HTTP/1.1" 200 4141
0:0:0:0:0:0:0:1 - - [25/aug./2011:01:09:43 +0200] "GET /favicon.ico HTTP/1.1" 404 821
0:0:0:0:0:0:0:1 - - [25/aug./2011:01:09:47 +0200] "GET /favicon.ico HTTP/1.1" 404 821
0:0:0:0:0:0:0:1 - - [25/aug./2011:01:09:56 +0200] "GET /.FitNesse.SampleWiki HTTP/1.1" 200 3752
0:0:0:0:0:0:0:1 - - [25/aug./2011:01:09:56 +0200] "GET /favicon.ico HTTP/1.1" 404 821
0:0:0:0:0:0:0:1 - - [25/aug./2011:01:10:08 +0200] "GET /.FitNesse.Slim HTTP/1.1" 404 830
0:0:0:0:0:0:0:1 - - [25/aug./2011:01:10:08 +0200] "GET /favicon.ico HTTP/1.1" 404 821
0:0:0:0:0:0:0:1 - - [25/aug./2011:01:10:15 +0200] "GET /.FitNesse.SliM HTTP/1.1" 200 3861
0:0:0:0:0:0:0:1 - - [25/aug./2011:01:10:15 +0200] "GET /favicon.ico HTTP/1.1" 404 821
0:0:0:0:0:0:0:1 - - [25/aug./2011:01:10:32 +0200] "GET /.FitNesse.SuiteAcceptanceTests HTTP/1.1" 200 7037
0:0:0:0:0:0:0:1 - - [25/aug./2011:01:10:32 +0200] "GET /favicon.ico HTTP/1.1" 404 821
0:0:0:0:0:0:0:1 - - [25/aug./2011:01:10:43 +0200] "GET /.FitNesse.SuiteAcceptanceTestsDummy HTTP/1.1" 200 7400
0:0:0:0:0:0:0:1 - - [25/aug./2011:01:10:43 +0200] "GET /favicon.ico HTTP/1.1" 404 821
0:0:0:0:0:0:0:1 - - [25/aug./2011:01:10:51 +0200] "GET /favicon.ico HTTP/1.1" 404 821
0:0:0:0:0:0:0:1 - - [25/aug./2011:01:11:00 +0200] "GET /.FitNesse.SuiteFitAcceptanceTests HTTP/1.1" 200 37198
0:0:0:0:0:0:0:1 - - [25/aug./2011:01:11:00 +0200] "GET /favicon.ico HTTP/1.1" 404 821
0:0:0:0:0:0:0:1 - - [25/aug./2011:01:11:08 +0200] "GET /.FitNesse.UserGuide HTTP/1.1" 200 19171
0:0:0:0:0:0:0:1 - - [25/aug./2011:01:11:08 +0200] "GET /favicon.ico HTTP/1.1" 404 821
